<?xml version="1.0" encoding="UTF-8"?>
<!-- Generated by org.testng.reporters.JUnitXMLReporter -->
<testsuite ignored="0" hostname="DESKTOP-NFLH6O9" failures="2" tests="14" name="PetTest" time="25.941" errors="0" timestamp="2023-07-30T14:40:56 IST">
  <testcase classname="api.test.UserTests" name="testPostUser" time="4.147"/>
  <testcase classname="api.test.UserTests" name="testGetUserByName" time="1.645"/>
  <testcase classname="api.test.UserTests" name="testUpdateUserByName" time="1.646">
    <failure type="java.lang.AssertionError" message="expected [200] but found [405]">
      <![CDATA[java.lang.AssertionError: expected [200] but found [405]
at api.test.UserTests.testUpdateUserByName(UserTests.java:70)
at java.base/java.util.ArrayList.forEach(ArrayList.java:1511)
... Removed 36 stack frames]]>
    </failure>
  </testcase> <!-- testUpdateUserByName -->
  <testcase classname="api.test.UserTests" name="testDeleteUserByName" time="1.608"/>
  <testcase classname="api.test.UserTest2" name="testPostUser" time="1.554"/>
  <testcase classname="api.test.UserTest2" name="testGetUserByName" time="1.451"/>
  <testcase classname="api.test.UserTest2" name="testUpdateUserByName" time="1.271">
    <failure type="java.lang.AssertionError" message="expected [200] but found [405]">
      <![CDATA[java.lang.AssertionError: expected [200] but found [405]
at api.test.UserTest2.testUpdateUserByName(UserTest2.java:71)
at java.base/java.util.ArrayList.forEach(ArrayList.java:1511)
... Removed 36 stack frames]]>
    </failure>
  </testcase> <!-- testUpdateUserByName -->
  <testcase classname="api.test.UserTest2" name="testDeleteUserByName" time="1.328"/>
  <testcase classname="api.test.DDTest" name="testPostUser" time="1.722"/>
  <testcase classname="api.test.DDTest" name="testPostUser" time="1.663"/>
  <testcase classname="api.test.DDTest" name="testPostUser" time="1.323"/>
  <testcase classname="api.test.DDTest" name="testDeleteUserByName" time="1.266"/>
  <testcase classname="api.test.DDTest" name="testDeleteUserByName" time="1.746"/>
  <testcase classname="api.test.DDTest" name="testDeleteUserByName" time="1.371"/>
</testsuite> <!-- PetTest -->
