<?xml version="1.0" encoding="UTF-8"?>
<!-- Generated by org.testng.reporters.JUnitXMLReporter -->
<testsuite ignored="0" hostname="DESKTOP-NFLH6O9" failures="2" tests="14" name="PetTest" time="23.109" errors="0" timestamp="2023-07-30T17:53:57 IST">
  <testcase classname="api.test.UserTests" name="testPostUser" time="3.656"/>
  <testcase classname="api.test.UserTests" name="testGetUserByName" time="1.369"/>
  <testcase classname="api.test.UserTests" name="testUpdateUserByName" time="1.308">
    <failure type="java.lang.AssertionError" message="expected [200] but found [405]">
      <![CDATA[java.lang.AssertionError: expected [200] but found [405]
at api.test.UserTests.testUpdateUserByName(UserTests.java:70)
at java.base/java.util.ArrayList.forEach(ArrayList.java:1511)
... Removed 32 stack frames]]>
    </failure>
  </testcase> <!-- testUpdateUserByName -->
  <testcase classname="api.test.UserTests" name="testDeleteUserByName" time="1.296"/>
  <testcase classname="api.test.UserTest2" name="testPostUser" time="1.347"/>
  <testcase classname="api.test.UserTest2" name="testGetUserByName" time="1.292"/>
  <testcase classname="api.test.UserTest2" name="testUpdateUserByName" time="1.335">
    <failure type="java.lang.AssertionError" message="expected [200] but found [405]">
      <![CDATA[java.lang.AssertionError: expected [200] but found [405]
at api.test.UserTest2.testUpdateUserByName(UserTest2.java:71)
at java.base/java.util.ArrayList.forEach(ArrayList.java:1511)
... Removed 32 stack frames]]>
    </failure>
  </testcase> <!-- testUpdateUserByName -->
  <testcase classname="api.test.UserTest2" name="testDeleteUserByName" time="1.382"/>
  <testcase classname="api.test.DDTest" name="testPostUser" time="1.317"/>
  <testcase classname="api.test.DDTest" name="testPostUser" time="1.363"/>
  <testcase classname="api.test.DDTest" name="testPostUser" time="1.293"/>
  <testcase classname="api.test.DDTest" name="testDeleteUserByName" time="1.324"/>
  <testcase classname="api.test.DDTest" name="testDeleteUserByName" time="1.352"/>
  <testcase classname="api.test.DDTest" name="testDeleteUserByName" time="1.285"/>
</testsuite> <!-- PetTest -->
